<?xml version="1.0" encoding="UTF-8" ?>
<testsuite failures="0" time="0.016" errors="0" skipped="0" tests="1" name="topq.frankdreiver.AppTest">
  <properties>
    <property name="java.runtime.name" value="Java(TM) SE Runtime Environment"/>
    <property name="sun.boot.library.path" value="C:\Program Files\Java\jre6\bin"/>
    <property name="java.vm.version" value="20.6-b01"/>
    <property name="java.vm.vendor" value="Sun Microsystems Inc."/>
    <property name="java.vendor.url" value="http://java.sun.com/"/>
    <property name="path.separator" value=";"/>
    <property name="java.vm.name" value="Java HotSpot(TM) Client VM"/>
    <property name="file.encoding.pkg" value="sun.io"/>
    <property name="user.country" value="US"/>
    <property name="sun.java.launcher" value="SUN_STANDARD"/>
    <property name="sun.os.patch.level" value="Service Pack 1"/>
    <property name="java.vm.specification.name" value="Java Virtual Machine Specification"/>
    <property name="user.dir" value="C:\Users\Vadim\Limor\workspace\frankd-client"/>
    <property name="java.runtime.version" value="1.6.0_31-b05"/>
    <property name="java.awt.graphicsenv" value="sun.awt.Win32GraphicsEnvironment"/>
    <property name="basedir" value="C:\Users\Vadim\Limor\workspace\frankd-client"/>
    <property name="java.endorsed.dirs" value="C:\Program Files\Java\jre6\lib\endorsed"/>
    <property name="os.arch" value="x86"/>
    <property name="surefire.real.class.path" value="C:\Users\Vadim\Limor\workspace\frankd-client\target\surefire\surefirebooter8691048907971744537.jar"/>
    <property name="java.io.tmpdir" value="C:\Users\Vadim\AppData\Local\Temp\"/>
    <property name="line.separator" value="
"/>
    <property name="java.vm.specification.vendor" value="Sun Microsystems Inc."/>
    <property name="user.variant" value=""/>
    <property name="os.name" value="Windows 7"/>
    <property name="sun.jnu.encoding" value="Cp1252"/>
    <property name="java.library.path" value="C:\Program Files\Java\jre6\bin;C:\Windows\Sun\Java\bin;C:\Windows\system32;C:\Windows;C:/Program Files/Java/jre6/bin/client;C:/Program Files/Java/jre6/bin;C:/Program Files/Java/jre6/lib/i386;C:\Windows\system32;C:\Windows;C:\Windows\System32\Wbem;C:\Windows\System32\WindowsPowerShell\v1.0\;C:\Program Files\QuickTime\QTSystem\;C:\Program Files\Smart Projects\IsoBuster;C:\Program Files\MKVToolNix;C:\Program Files\Android\android-sdk;C:\Program Files\Android\android-sdk\tools;C:\Program Files\Android\android-sdk\platform-tools;C:\Program Files\Java\jdk1.6.0_18\bin;C:\Program Files\TortoiseSVN\bin;C:\Users\Vadim\Limor\Maven\bin;&quot;C:\Program Files\Apple Application Support&quot;;C:\Users\Vadim\eclipse;;."/>
    <property name="surefire.test.class.path" value="C:\Users\Vadim\Limor\workspace\frankd-client\target\test-classes;C:\Users\Vadim\Limor\workspace\frankd-client\target\classes;C:\Users\Vadim\.m2\repository\junit\junit\3.8.1\junit-3.8.1.jar;C:\Users\Vadim\.m2\repository\com\google\oauth-client\google-oauth-client\1.10.1-beta\google-oauth-client-1.10.1-beta.jar;C:\Users\Vadim\.m2\repository\com\google\http-client\google-http-client\1.10.3-beta\google-http-client-1.10.3-beta.jar;C:\Users\Vadim\.m2\repository\com\google\code\gson\gson\2.1\gson-2.1.jar;C:\Users\Vadim\.m2\repository\org\apache\httpcomponents\httpclient\4.0.3\httpclient-4.0.3.jar;C:\Users\Vadim\.m2\repository\org\apache\httpcomponents\httpcore\4.0.1\httpcore-4.0.1.jar;C:\Users\Vadim\.m2\repository\commons-logging\commons-logging\1.1.1\commons-logging-1.1.1.jar;C:\Users\Vadim\.m2\repository\commons-codec\commons-codec\1.3\commons-codec-1.3.jar;C:\Users\Vadim\.m2\repository\org\codehaus\jackson\jackson-core-asl\1.9.4\jackson-core-asl-1.9.4.jar;C:\Users\Vadim\.m2\repository\xpp3\xpp3\1.1.4c\xpp3-1.1.4c.jar;C:\Users\Vadim\.m2\repository\com\google\protobuf\protobuf-java\2.2.0\protobuf-java-2.2.0.jar;C:\Users\Vadim\.m2\repository\com\google\code\findbugs\jsr305\1.3.9\jsr305-1.3.9.jar;C:\Users\Vadim\.m2\repository\com\google\guava\guava\11.0.1\guava-11.0.1.jar;C:\Users\Vadim\.m2\repository\log4j\log4j\1.2.16\log4j-1.2.16.jar;"/>
    <property name="java.specification.name" value="Java Platform API Specification"/>
    <property name="java.class.version" value="50.0"/>
    <property name="sun.management.compiler" value="HotSpot Client Compiler"/>
    <property name="os.version" value="6.1"/>
    <property name="user.home" value="C:\Users\Vadim"/>
    <property name="user.timezone" value=""/>
    <property name="java.awt.printerjob" value="sun.awt.windows.WPrinterJob"/>
    <property name="java.specification.version" value="1.6"/>
    <property name="file.encoding" value="Cp1252"/>
    <property name="user.name" value="Vadim"/>
    <property name="java.class.path" value="C:\Users\Vadim\Limor\workspace\frankd-client\target\test-classes;C:\Users\Vadim\Limor\workspace\frankd-client\target\classes;C:\Users\Vadim\.m2\repository\junit\junit\3.8.1\junit-3.8.1.jar;C:\Users\Vadim\.m2\repository\com\google\oauth-client\google-oauth-client\1.10.1-beta\google-oauth-client-1.10.1-beta.jar;C:\Users\Vadim\.m2\repository\com\google\http-client\google-http-client\1.10.3-beta\google-http-client-1.10.3-beta.jar;C:\Users\Vadim\.m2\repository\com\google\code\gson\gson\2.1\gson-2.1.jar;C:\Users\Vadim\.m2\repository\org\apache\httpcomponents\httpclient\4.0.3\httpclient-4.0.3.jar;C:\Users\Vadim\.m2\repository\org\apache\httpcomponents\httpcore\4.0.1\httpcore-4.0.1.jar;C:\Users\Vadim\.m2\repository\commons-logging\commons-logging\1.1.1\commons-logging-1.1.1.jar;C:\Users\Vadim\.m2\repository\commons-codec\commons-codec\1.3\commons-codec-1.3.jar;C:\Users\Vadim\.m2\repository\org\codehaus\jackson\jackson-core-asl\1.9.4\jackson-core-asl-1.9.4.jar;C:\Users\Vadim\.m2\repository\xpp3\xpp3\1.1.4c\xpp3-1.1.4c.jar;C:\Users\Vadim\.m2\repository\com\google\protobuf\protobuf-java\2.2.0\protobuf-java-2.2.0.jar;C:\Users\Vadim\.m2\repository\com\google\code\findbugs\jsr305\1.3.9\jsr305-1.3.9.jar;C:\Users\Vadim\.m2\repository\com\google\guava\guava\11.0.1\guava-11.0.1.jar;C:\Users\Vadim\.m2\repository\log4j\log4j\1.2.16\log4j-1.2.16.jar;"/>
    <property name="java.vm.specification.version" value="1.0"/>
    <property name="sun.arch.data.model" value="32"/>
    <property name="java.home" value="C:\Program Files\Java\jre6"/>
    <property name="sun.java.command" value="C:\Users\Vadim\Limor\workspace\frankd-client\target\surefire\surefirebooter8691048907971744537.jar C:\Users\Vadim\Limor\workspace\frankd-client\target\surefire\surefire6038160629143426273tmp C:\Users\Vadim\Limor\workspace\frankd-client\target\surefire\surefire3127263213062450609tmp"/>
    <property name="java.specification.vendor" value="Sun Microsystems Inc."/>
    <property name="user.language" value="en"/>
    <property name="awt.toolkit" value="sun.awt.windows.WToolkit"/>
    <property name="java.vm.info" value="mixed mode, sharing"/>
    <property name="java.version" value="1.6.0_31"/>
    <property name="java.ext.dirs" value="C:\Program Files\Java\jre6\lib\ext;C:\Windows\Sun\Java\lib\ext"/>
    <property name="sun.boot.class.path" value="C:\Program Files\Java\jre6\lib\resources.jar;C:\Program Files\Java\jre6\lib\rt.jar;C:\Program Files\Java\jre6\lib\sunrsasign.jar;C:\Program Files\Java\jre6\lib\jsse.jar;C:\Program Files\Java\jre6\lib\jce.jar;C:\Program Files\Java\jre6\lib\charsets.jar;C:\Program Files\Java\jre6\lib\modules\jdk.boot.jar;C:\Program Files\Java\jre6\classes"/>
    <property name="java.vendor" value="Sun Microsystems Inc."/>
    <property name="localRepository" value="C:\Users\Vadim\.m2\repository"/>
    <property name="file.separator" value="\"/>
    <property name="java.vendor.url.bug" value="http://java.sun.com/cgi-bin/bugreport.cgi"/>
    <property name="sun.cpu.endian" value="little"/>
    <property name="sun.io.unicode.encoding" value="UnicodeLittle"/>
    <property name="sun.desktop" value="windows"/>
    <property name="sun.cpu.isalist" value="pentium_pro+mmx pentium_pro pentium+mmx pentium i486 i386 i86"/>
  </properties>
  <testcase time="0" classname="topq.frankdreiver.AppTest" name="testApp"/>
</testsuite>